<?xml version="1.0" encoding="UTF-8"?>
<!-- Generated by org.testng.reporters.JUnitXMLReporter -->
<testsuite ignored="0" hostname="zootopia" failures="1" tests="1" name="LoginTests" time="3.861" errors="0" timestamp="2026-07-07T15:16:12 IST">
  <testcase classname="tests.LoginTest" name="testValidlogin" time="1.082">
    <failure type="java.lang.AssertionError" message="expected [Dashboard] but found [Just a moment...]">
      <![CDATA[java.lang.AssertionError: expected [Dashboard] but found [Just a moment...]
at tests.LoginTest.testValidlogin(LoginTest.java:17)
at java.base/java.util.ArrayList.forEach(ArrayList.java:1541)
... Removed 33 stack frames]]>
    </failure>
  </testcase> <!-- testValidlogin -->
</testsuite> <!-- LoginTests -->
